Arguments: 
  /usr/local/Cellar/node@14/14.17.5/bin/node /usr/local/Cellar/yarn/1.22.17_2/libexec/bin/yarn.js add graphql-upload

PATH: 
  /usr/local/opt/mysql-client/bin:/usr/local/opt/node@14/bin:/usr/local/bin:/usr/bin:/bin:/usr/sbin:/sbin:/Library/Apple/usr/bin:/usr/local/opt/mysql-client/bin:/usr/local/opt/node@14/bin:/Users/rosendoguzmannogueda/Library/Android/sdk/emulator:/Users/rosendoguzmannogueda/Library/Android/sdk/tools:/Users/rosendoguzmannogueda/Library/Android/sdk/tools/bin:/Users/rosendoguzmannogueda/Library/Android/sdk/platform-tools:/Users/rosendoguzmannogueda/Library/Android/sdk/emulator:/Users/rosendoguzmannogueda/Library/Android/sdk/tools:/Users/rosendoguzmannogueda/Library/Android/sdk/tools/bin:/Users/rosendoguzmannogueda/Library/Android/sdk/platform-tools

Yarn version: 
  1.22.17

Node version: 
  14.17.5

Platform: 
  darwin x64

Trace: 
  SyntaxError: /Users/rosendoguzmannogueda/Sites/GraphQL/graphql-typeorm-api-eGuerrero/package.json: Unexpected token < in JSON at position 243
      at JSON.parse (<anonymous>)
      at /usr/local/Cellar/yarn/1.22.17_2/libexec/lib/cli.js:1625:59
      at Generator.next (<anonymous>)
      at step (/usr/local/Cellar/yarn/1.22.17_2/libexec/lib/cli.js:310:30)
      at /usr/local/Cellar/yarn/1.22.17_2/libexec/lib/cli.js:321:13

npm manifest: 
  {
    "name": "graphql-typeorm-api",
    "version": "1.0.0",
    "description": "",
    "main": "index.js",
    "scripts": {
      "dev": "nodemon src/index.ts --exec ts-node"
    },
    "keywords": [],
    "author": "",
    "license": "ISC",
    "dependencies": {
  <<<<<<< HEAD
      "@types/validator": "^13.7.1",
  =======
      "@types/js-cookie": "^3.0.1",
  >>>>>>> origin/master
      "apollo-server-express": "^3.6.2",
      "bcrypt": "^5.0.1",
      "body-parser": "^1.19.1",
      "dotenv": "^16.0.0",
      "express": "^4.17.2",
  <<<<<<< HEAD
      "express-jwt": "^6.1.0",
      "graphql": "^15.8.0",
      "graphql-tools": "^8.2.0",
  =======
      "graphql": "^15.8.0",
      "graphql-upload": "^13.0.0",
      "js-cookie": "^3.0.1",
  >>>>>>> origin/master
      "jsonwebtoken": "^8.5.1",
      "mysql": "^2.18.1",
      "oracledb": "^5.3.0",
      "pg": "^8.7.1",
      "reflect-metadata": "^0.1.13",
      "type-graphql": "^1.1.1",
      "typeorm": "^0.2.41",
      "validator": "^13.7.0"
    },
    "devDependencies": {
      "@types/bcrypt": "^5.0.0",
      "@types/express": "^4.17.13",
      "@types/express-jwt": "^6.0.4",
      "@types/graphql-upload": "^8.0.10",
      "@types/jsonwebtoken": "^8.5.8",
      "@types/node": "^17.0.14",
      "nodemon": "^2.0.15",
      "ts-node": "^10.4.0",
      "typescript": "^4.5.5"
    }
  }

yarn manifest: 
  No manifest

Lockfile: 
  No lockfile
